2025-07-24 14:50:06:506 [32minfo[39m: [32mServer running in development mode on port 3000[39m
2025-07-24 14:50:06:506 [32minfo[39m: [32mAPI available at http://localhost:3000/api/v1[39m
2025-07-24 14:50:16:5016 [33mwarn[39m: [33m404 - Not Found - /api/v1?ide_webview_request_time=1753361416618 - /api/v1?ide_webview_request_time=1753361416618 - GET - ::1[39m
2025-07-25 10:24:58:2458 [32minfo[39m: [32mServer running in development mode on port 3000[39m
2025-07-25 10:24:58:2458 [32minfo[39m: [32mAPI available at http://localhost:3000/api/v1[39m
2025-07-25 10:54:49:5449 [32minfo[39m: [32mServer running in development mode on port 3000[39m
2025-07-25 10:54:49:5449 [32minfo[39m: [32mAPI available at http://localhost:3000/api/v1[39m
2025-07-25 11:13:42:1342 [32minfo[39m: [32mServer running in development mode on port 3000[39m
2025-07-25 11:13:42:1342 [32minfo[39m: [32mAPI available at http://localhost:3000/api/v1[39m
2025-07-25 11:18:20:1820 [32minfo[39m: [32mServer running in development mode on port 3000[39m
2025-07-25 11:18:20:1820 [32minfo[39m: [32mAPI available at http://localhost:3000/api/v1[39m
2025-07-25 11:22:06:226 [32minfo[39m: [32mServer running in development mode on port 3000[39m
2025-07-25 11:22:06:226 [32minfo[39m: [32mAPI available at http://localhost:3000/api/v1[39m
2025-07-25 11:27:11:2711 [32minfo[39m: [32mServer running in development mode on port 3000[39m
2025-07-25 11:27:11:2711 [32minfo[39m: [32mAPI available at http://localhost:3000/api/v1[39m
2025-07-25 11:27:46:2746 [32minfo[39m: [32mServer running in development mode on port 3000[39m
2025-07-25 11:27:46:2746 [32minfo[39m: [32mAPI available at http://localhost:3000/api/v1[39m
2025-07-25 11:29:15:2915 [32minfo[39m: [32mServer running in development mode on port 3000[39m
2025-07-25 11:29:15:2915 [32minfo[39m: [32mAPI available at http://localhost:3000/api/v1[39m
2025-07-25 11:29:31:2931 [33mwarn[39m: [33m404 - Not Found - /api/v1/investments - /api/v1/investments - POST - ::1[39m
2025-07-25 11:29:56:2956 [33mwarn[39m: [33m404 - Not Found - /api/v1/investments/create - /api/v1/investments/create - POST - ::1[39m
2025-07-25 11:32:23:3223 [32minfo[39m: [32mServer running in development mode on port 3000[39m
2025-07-25 11:32:23:3223 [32minfo[39m: [32mAPI available at http://localhost:3000/api/v1[39m
2025-07-25 11:32:34:3234 [31merror[39m: [31mToken verification failed[39m
2025-07-25 11:34:20:3420 [32minfo[39m: [32mServer running in development mode on port 3000[39m
2025-07-25 11:34:20:3420 [32minfo[39m: [32mAPI available at http://localhost:3000/api/v1[39m
2025-07-25 11:34:32:3432 [32minfo[39m: [32mServer running in development mode on port 3000[39m
2025-07-25 11:34:32:3432 [32minfo[39m: [32mAPI available at http://localhost:3000/api/v1[39m
2025-07-25 11:34:42:3442 [32minfo[39m: [32mServer running in development mode on port 3000[39m
2025-07-25 11:34:42:3442 [32minfo[39m: [32mAPI available at http://localhost:3000/api/v1[39m
2025-07-25 12:13:48:1348 [32minfo[39m: [32mServer running in development mode on port 3000[39m
2025-07-25 12:13:48:1348 [32minfo[39m: [32mAPI available at http://localhost:3000/api/v1[39m
2025-07-25 12:14:48:1448 [33mwarn[39m: [33m404 - Not Found - /api/v1?ide_webview_request_time=1753438488863 - /api/v1?ide_webview_request_time=1753438488863 - GET - ::1[39m
