2025-07-25 11:32:34:3234 [31merror[39m: [31mToken verification failed[39m
2025-07-25 16:47:53:4753 [31merror[39m: [31mPrisma Error: [39m
[31mInvalid `this.prisma.kycRecord.findFirst()` invocation in[39m
[31mC:\Users\DamirSagi\Documents\tokenizer\backend\src\modules\accounts\services\kyc.service.ts:32:53[39m

[31m  29 ): Promise<KycRecord | null> {[39m
[31m  30   try {[39m
[31m  31     // Find KYC record by provider and reference ID[39m
[31m→ 32     const kycRecord = await this.prisma.kycRecord.findFirst({[39m
[31m           where: {[39m
[31m             provider: "sumsub",[39m
[31m             providerReference: "sumsub_test_1753454873152_l83dmtma",[39m
[31m             ~~~~~~~~~~~~~~~~~[39m
[31m         ?   AND?: KycRecordWhereInput | KycRecordWhereInput[],[39m
[31m         ?   OR?: KycRecordWhereInput[],[39m
[31m         ?   NOT?: KycRecordWhereInput | KycRecordWhereInput[],[39m
[31m         ?   id?: StringFilter | String,[39m
[31m         ?   userId?: StringFilter | String,[39m
[31m         ?   status?: StringFilter | String,[39m
[31m         ?   documentType?: StringNullableFilter | String | Null,[39m
[31m         ?   country?: StringNullableFilter | String | Null,[39m
[31m         ?   verifiedAt?: DateTimeNullableFilter | DateTime | Null,[39m
[31m         ?   rejectedAt?: DateTimeNullableFilter | DateTime | Null,[39m
[31m         ?   rejectionReason?: StringNullableFilter | String | Null,[39m
[31m         ?   createdAt?: DateTimeFilter | DateTime,[39m
[31m         ?   updatedAt?: DateTimeFilter | DateTime,[39m
[31m         ?   referenceId?: StringNullableFilter | String | Null,[39m
[31m         ?   providerData?: JsonNullableFilter,[39m
[31m         ?   user?: UserScalarRelationFilter | UserWhereInput[39m
[31m           }[39m
[31m         })[39m

[31mUnknown argument `providerReference`. Available options are marked with ?.[39m
2025-07-25 16:47:53:4753 [31merror[39m: [31mTypeError: import_accounts.accountsLogger.error is not a function[39m
2025-07-25 16:55:59:5559 [31merror[39m: [31mAccount error during handleSumsubWebhook: KYC record not found for referenceId: sumsub_test_1753455358716_8ps1rxf0[39m
2025-07-28 10:23:00:230 [31merror[39m: [31mAccount error during user_creation: Test error[39m
2025-07-28 10:23:00:230 [31merror[39m: [31mAccount error during user_update: Test error[39m
2025-07-28 10:23:00:230 [31merror[39m: [31mAccount error during user_deletion: Test error[39m
2025-07-28 10:23:17:2317 [31merror[39m: [31mAccount error during user_creation: Test error[39m
2025-07-28 10:23:17:2317 [31merror[39m: [31mAccount error during user_update: Test error[39m
2025-07-28 10:23:17:2317 [31merror[39m: [31mAccount error during user_deletion: Test error[39m
2025-07-28 14:07:49:749 [31merror[39m: [31mError: Unknown authentication strategy "google"[39m
2025-07-28 14:23:00:230 [31merror[39m: [31mError: Unknown authentication strategy "google"[39m
2025-07-28 20:28:26:2826 [31merror[39m: [31mPrisma Error: [39m
[31mInvalid `prisma.user.create()` invocation in[39m
[31mC:\Users\DamirSagi\Documents\tokenizer\backend\src\modules\accounts\strategies\google.strategy.ts:94:38[39m

[31m  91 [39m
[31m  92 // If user still not found, create new user[39m
[31m  93 if (!user) {[39m
[31m→ 94   user = await prisma.user.create({[39m
[31m         data: {[39m
[31m           email: "hackschool@gmail.com",[39m
[31m           authProvider: "GOOGLE",[39m
[31m           providerId: "108189559904948131130",[39m
[31m           avatarUrl: "https://lh3.googleusercontent.com/a/ACg8ocIziwJIGqHqQjlfWT-3kFIAjswJe4aBPa4Xxvo8DkESa1axe2Du5w=s96-c",[39m
[31m           role: "INVESTOR",[39m
[31m       +   fullName: String[39m
[31m         }[39m
[31m       })[39m

[31mArgument `fullName` is missing.[39m
2025-07-28 20:28:26:2826 [31merror[39m: [31mGoogle authentication error[39m
2025-07-28 20:28:26:2826 [31merror[39m: [31mPrismaClientValidationError: [39m
[31mInvalid `prisma.user.create()` invocation in[39m
[31mC:\Users\DamirSagi\Documents\tokenizer\backend\src\modules\accounts\strategies\google.strategy.ts:94:38[39m

[31m  91 [39m
[31m  92 // If user still not found, create new user[39m
[31m  93 if (!user) {[39m
[31m→ 94   user = await prisma.user.create({[39m
[31m         data: {[39m
[31m           email: "hackschool@gmail.com",[39m
[31m           authProvider: "GOOGLE",[39m
[31m           providerId: "108189559904948131130",[39m
[31m           avatarUrl: "https://lh3.googleusercontent.com/a/ACg8ocIziwJIGqHqQjlfWT-3kFIAjswJe4aBPa4Xxvo8DkESa1axe2Du5w=s96-c",[39m
[31m           role: "INVESTOR",[39m
[31m       +   fullName: String[39m
[31m         }[39m
[31m       })[39m

[31mArgument `fullName` is missing.[39m
2025-07-28 20:30:56:3056 [31merror[39m: [31mPrisma Error: [39m
[31mInvalid `prisma.user.create()` invocation in[39m
[31mC:\Users\DamirSagi\Documents\tokenizer\backend\src\modules\accounts\strategies\google.strategy.ts:94:38[39m

[31m  91 [39m
[31m  92 // If user still not found, create new user[39m
[31m  93 if (!user) {[39m
[31m→ 94   user = await prisma.user.create({[39m
[31m         data: {[39m
[31m           email: "hackschool@gmail.com",[39m
[31m           authProvider: "GOOGLE",[39m
[31m           providerId: "108189559904948131130",[39m
[31m           avatarUrl: "https://lh3.googleusercontent.com/a/ACg8ocIziwJIGqHqQjlfWT-3kFIAjswJe4aBPa4Xxvo8DkESa1axe2Du5w=s96-c",[39m
[31m           role: "INVESTOR",[39m
[31m       +   fullName: String[39m
[31m         }[39m
[31m       })[39m

[31mArgument `fullName` is missing.[39m
2025-07-28 20:30:56:3056 [31merror[39m: [31mGoogle authentication error[39m
2025-07-28 20:30:56:3056 [31merror[39m: [31mPrismaClientValidationError: [39m
[31mInvalid `prisma.user.create()` invocation in[39m
[31mC:\Users\DamirSagi\Documents\tokenizer\backend\src\modules\accounts\strategies\google.strategy.ts:94:38[39m

[31m  91 [39m
[31m  92 // If user still not found, create new user[39m
[31m  93 if (!user) {[39m
[31m→ 94   user = await prisma.user.create({[39m
[31m         data: {[39m
[31m           email: "hackschool@gmail.com",[39m
[31m           authProvider: "GOOGLE",[39m
[31m           providerId: "108189559904948131130",[39m
[31m           avatarUrl: "https://lh3.googleusercontent.com/a/ACg8ocIziwJIGqHqQjlfWT-3kFIAjswJe4aBPa4Xxvo8DkESa1axe2Du5w=s96-c",[39m
[31m           role: "INVESTOR",[39m
[31m       +   fullName: String[39m
[31m         }[39m
[31m       })[39m

[31mArgument `fullName` is missing.[39m
2025-07-28 21:47:07:477 [31merror[39m: [31mPrisma Error: [39m
[31mInvalid `prisma.user.create()` invocation in[39m
[31mC:\Users\DamirSagi\Documents\tokenizer\backend\src\modules\accounts\strategies\google.strategy.ts:94:38[39m

[31m  91 [39m
[31m  92 // If user still not found, create new user[39m
[31m  93 if (!user) {[39m
[31m→ 94   user = await prisma.user.create({[39m
[31m         data: {[39m
[31m           email: "hackschool@gmail.com",[39m
[31m           authProvider: "GOOGLE",[39m
[31m           providerId: "108189559904948131130",[39m
[31m           avatarUrl: "https://lh3.googleusercontent.com/a/ACg8ocIziwJIGqHqQjlfWT-3kFIAjswJe4aBPa4Xxvo8DkESa1axe2Du5w=s96-c",[39m
[31m           role: "INVESTOR",[39m
[31m       +   fullName: String[39m
[31m         }[39m
[31m       })[39m

[31mArgument `fullName` is missing.[39m
2025-07-28 21:47:07:477 [31merror[39m: [31mGoogle authentication error[39m
2025-07-28 21:47:07:477 [31merror[39m: [31mPrismaClientValidationError: [39m
[31mInvalid `prisma.user.create()` invocation in[39m
[31mC:\Users\DamirSagi\Documents\tokenizer\backend\src\modules\accounts\strategies\google.strategy.ts:94:38[39m

[31m  91 [39m
[31m  92 // If user still not found, create new user[39m
[31m  93 if (!user) {[39m
[31m→ 94   user = await prisma.user.create({[39m
[31m         data: {[39m
[31m           email: "hackschool@gmail.com",[39m
[31m           authProvider: "GOOGLE",[39m
[31m           providerId: "108189559904948131130",[39m
[31m           avatarUrl: "https://lh3.googleusercontent.com/a/ACg8ocIziwJIGqHqQjlfWT-3kFIAjswJe4aBPa4Xxvo8DkESa1axe2Du5w=s96-c",[39m
[31m           role: "INVESTOR",[39m
[31m       +   fullName: String[39m
[31m         }[39m
[31m       })[39m

[31mArgument `fullName` is missing.[39m
2025-07-29 00:00:44:044 [31merror[39m: [31mPrisma Error: [39m
[31mInvalid `prisma.user.create()` invocation in[39m
[31mC:\Users\DamirSagi\Documents\tokenizer\backend\src\modules\accounts\strategies\google.strategy.ts:94:38[39m

[31m  91 [39m
[31m  92 // If user still not found, create new user[39m
[31m  93 if (!user) {[39m
[31m→ 94   user = await prisma.user.create({[39m
[31m         data: {[39m
[31m           email: "hackschool@gmail.com",[39m
[31m           authProvider: "GOOGLE",[39m
[31m           providerId: "108189559904948131130",[39m
[31m           avatarUrl: "https://lh3.googleusercontent.com/a/ACg8ocIziwJIGqHqQjlfWT-3kFIAjswJe4aBPa4Xxvo8DkESa1axe2Du5w=s96-c",[39m
[31m           role: "INVESTOR",[39m
[31m       +   fullName: String[39m
[31m         }[39m
[31m       })[39m

[31mArgument `fullName` is missing.[39m
2025-07-29 00:00:44:044 [31merror[39m: [31mGoogle authentication error[39m
2025-07-29 00:00:44:044 [31merror[39m: [31mPrismaClientValidationError: [39m
[31mInvalid `prisma.user.create()` invocation in[39m
[31mC:\Users\DamirSagi\Documents\tokenizer\backend\src\modules\accounts\strategies\google.strategy.ts:94:38[39m

[31m  91 [39m
[31m  92 // If user still not found, create new user[39m
[31m  93 if (!user) {[39m
[31m→ 94   user = await prisma.user.create({[39m
[31m         data: {[39m
[31m           email: "hackschool@gmail.com",[39m
[31m           authProvider: "GOOGLE",[39m
[31m           providerId: "108189559904948131130",[39m
[31m           avatarUrl: "https://lh3.googleusercontent.com/a/ACg8ocIziwJIGqHqQjlfWT-3kFIAjswJe4aBPa4Xxvo8DkESa1axe2Du5w=s96-c",[39m
[31m           role: "INVESTOR",[39m
[31m       +   fullName: String[39m
[31m         }[39m
[31m       })[39m

[31mArgument `fullName` is missing.[39m
2025-07-29 00:07:59:759 [31merror[39m: [31mPrisma Error: [39m
[31mInvalid `prisma.user.create()` invocation in[39m
[31mC:\Users\DamirSagi\Documents\tokenizer\backend\src\modules\accounts\strategies\google.strategy.ts:94:38[39m

[31m  91 [39m
[31m  92 // If user still not found, create new user[39m
[31m  93 if (!user) {[39m
[31m→ 94   user = await prisma.user.create({[39m
[31m         data: {[39m
[31m           email: "hackschool@gmail.com",[39m
[31m           authProvider: "GOOGLE",[39m
[31m           providerId: "108189559904948131130",[39m
[31m           avatarUrl: "https://lh3.googleusercontent.com/a/ACg8ocIziwJIGqHqQjlfWT-3kFIAjswJe4aBPa4Xxvo8DkESa1axe2Du5w=s96-c",[39m
[31m           role: "INVESTOR",[39m
[31m       +   fullName: String[39m
[31m         }[39m
[31m       })[39m

[31mArgument `fullName` is missing.[39m
2025-07-29 00:07:59:759 [31merror[39m: [31mGoogle authentication error[39m
2025-07-29 00:07:59:759 [31merror[39m: [31mPrismaClientValidationError: [39m
[31mInvalid `prisma.user.create()` invocation in[39m
[31mC:\Users\DamirSagi\Documents\tokenizer\backend\src\modules\accounts\strategies\google.strategy.ts:94:38[39m

[31m  91 [39m
[31m  92 // If user still not found, create new user[39m
[31m  93 if (!user) {[39m
[31m→ 94   user = await prisma.user.create({[39m
[31m         data: {[39m
[31m           email: "hackschool@gmail.com",[39m
[31m           authProvider: "GOOGLE",[39m
[31m           providerId: "108189559904948131130",[39m
[31m           avatarUrl: "https://lh3.googleusercontent.com/a/ACg8ocIziwJIGqHqQjlfWT-3kFIAjswJe4aBPa4Xxvo8DkESa1axe2Du5w=s96-c",[39m
[31m           role: "INVESTOR",[39m
[31m       +   fullName: String[39m
[31m         }[39m
[31m       })[39m

[31mArgument `fullName` is missing.[39m
2025-07-29 00:13:48:1348 [31merror[39m: [31mPrisma Error: [39m
[31mInvalid `prisma.user.create()` invocation:[39m

[31m{[39m
[31m  data: {[39m
[31m    email: "hackschool@gmail.com",[39m
[31m    authProvider: "GOOGLE",[39m
[31m    providerId: "108189559904948131130",[39m
[31m    avatarUrl: "https://lh3.googleusercontent.com/a/ACg8ocIziwJIGqHqQjlfWT-3kFIAjswJe4aBPa4Xxvo8DkESa1axe2Du5w=s96-c",[39m
[31m    role: "INVESTOR",[39m
[31m+   fullName: String[39m
[31m  }[39m
[31m}[39m

[31mArgument `fullName` is missing.[39m
2025-07-29 00:13:48:1348 [31merror[39m: [31mGoogle authentication error[39m
2025-07-29 00:13:48:1348 [31merror[39m: [31mPrismaClientValidationError: [39m
[31mInvalid `prisma.user.create()` invocation:[39m

[31m{[39m
[31m  data: {[39m
[31m    email: "hackschool@gmail.com",[39m
[31m    authProvider: "GOOGLE",[39m
[31m    providerId: "108189559904948131130",[39m
[31m    avatarUrl: "https://lh3.googleusercontent.com/a/ACg8ocIziwJIGqHqQjlfWT-3kFIAjswJe4aBPa4Xxvo8DkESa1axe2Du5w=s96-c",[39m
[31m    role: "INVESTOR",[39m
[31m+   fullName: String[39m
[31m  }[39m
[31m}[39m

[31mArgument `fullName` is missing.[39m
2025-07-29 10:38:49:3849 [31merror[39m: [31mPrisma Error: [39m
[31mInvalid `prisma.user.create()` invocation:[39m

[31m{[39m
[31m  data: {[39m
[31m    email: "hackschool@gmail.com",[39m
[31m    authProvider: "GOOGLE",[39m
[31m    providerId: "108189559904948131130",[39m
[31m    avatarUrl: "https://lh3.googleusercontent.com/a/ACg8ocIziwJIGqHqQjlfWT-3kFIAjswJe4aBPa4Xxvo8DkESa1axe2Du5w=s96-c",[39m
[31m    role: "INVESTOR",[39m
[31m+   fullName: String[39m
[31m  }[39m
[31m}[39m

[31mArgument `fullName` is missing.[39m
2025-07-29 10:38:49:3849 [31merror[39m: [31mGoogle authentication error[39m
2025-07-29 10:38:49:3849 [31merror[39m: [31mPrismaClientValidationError: [39m
[31mInvalid `prisma.user.create()` invocation:[39m

[31m{[39m
[31m  data: {[39m
[31m    email: "hackschool@gmail.com",[39m
[31m    authProvider: "GOOGLE",[39m
[31m    providerId: "108189559904948131130",[39m
[31m    avatarUrl: "https://lh3.googleusercontent.com/a/ACg8ocIziwJIGqHqQjlfWT-3kFIAjswJe4aBPa4Xxvo8DkESa1axe2Du5w=s96-c",[39m
[31m    role: "INVESTOR",[39m
[31m+   fullName: String[39m
[31m  }[39m
[31m}[39m

[31mArgument `fullName` is missing.[39m
2025-07-29 10:41:45:4145 [31merror[39m: [31mOAuth login processing failed[39m
2025-07-29 10:41:45:4145 [31merror[39m: [31mOAuth authentication error[39m
2025-07-29 10:41:45:4145 [31merror[39m: [31mAuthentication error for unknown via oauth: Unsupported OAuth provider: undefined[39m
2025-07-29 10:41:52:4152 [31merror[39m: [31mOAuth login processing failed[39m
2025-07-29 10:41:52:4152 [31merror[39m: [31mOAuth authentication error[39m
2025-07-29 10:41:52:4152 [31merror[39m: [31mAuthentication error for unknown via oauth: Unsupported OAuth provider: undefined[39m
2025-07-29 10:41:55:4155 [31merror[39m: [31mOAuth login processing failed[39m
2025-07-29 10:41:55:4155 [31merror[39m: [31mOAuth authentication error[39m
2025-07-29 10:41:55:4155 [31merror[39m: [31mAuthentication error for unknown via oauth: Unsupported OAuth provider: undefined[39m
2025-07-29 10:41:59:4159 [31merror[39m: [31mOAuth login processing failed[39m
2025-07-29 10:41:59:4159 [31merror[39m: [31mOAuth authentication error[39m
2025-07-29 10:41:59:4159 [31merror[39m: [31mAuthentication error for unknown via oauth: Unsupported OAuth provider: undefined[39m
2025-07-29 12:10:34:1034 [31merror[39m: [31mOAuth login processing failed[39m
2025-07-29 12:10:34:1034 [31merror[39m: [31mOAuth authentication error[39m
2025-07-29 12:10:34:1034 [31merror[39m: [31mAuthentication error for unknown via oauth: Unsupported OAuth provider: undefined[39m
2025-07-29 12:10:38:1038 [31merror[39m: [31mOAuth login processing failed[39m
2025-07-29 12:10:38:1038 [31merror[39m: [31mOAuth authentication error[39m
2025-07-29 12:10:38:1038 [31merror[39m: [31mAuthentication error for unknown via oauth: Unsupported OAuth provider: undefined[39m
2025-07-29 16:37:03:373 [31merror[39m: [31mOAuth login processing failed[39m
2025-07-29 16:37:03:373 [31merror[39m: [31mError: Unsupported OAuth provider: GOOGLE[39m
2025-07-29 17:59:52:5952 [31merror[39m: [31mAccount error during token_refresh: Cannot read properties of undefined (reading 'refreshToken')[39m
2025-07-29 17:59:52:5952 [31merror[39m: [31mTypeError: Cannot read properties of undefined (reading 'refreshToken')[39m
2025-07-29 18:02:11:211 [31merror[39m: [31mInvalid profile data[39m
2025-07-29 18:02:11:211 [31merror[39m: [31mOAuth login processing failed[39m
2025-07-29 18:06:04:64 [31merror[39m: [31mInvalid profile data[39m
2025-07-29 18:06:04:64 [31merror[39m: [31mOAuth login processing failed[39m
2025-07-29 19:56:26:5626 [31merror[39m: [31mAccount error during token_refresh: Cannot read properties of undefined (reading 'refreshToken')[39m
2025-07-29 19:56:26:5626 [31merror[39m: [31mTypeError: Cannot read properties of undefined (reading 'refreshToken')[39m
2025-07-29 19:56:26:5626 [31merror[39m: [31mAccount error during token_refresh: Cannot read properties of undefined (reading 'refreshToken')[39m
2025-07-29 19:56:26:5626 [31merror[39m: [31mTypeError: Cannot read properties of undefined (reading 'refreshToken')[39m
2025-07-29 19:56:35:5635 [31merror[39m: [31mInvalid profile data[39m
2025-07-29 19:56:35:5635 [31merror[39m: [31mOAuth login processing failed[39m
2025-07-29 20:48:02:482 [31merror[39m: [31mAccount error during token_refresh: Cannot read properties of undefined (reading 'refreshToken')[39m
2025-07-29 20:48:02:482 [31merror[39m: [31mTypeError: Cannot read properties of undefined (reading 'refreshToken')[39m
2025-07-29 20:48:02:482 [31merror[39m: [31mAccount error during token_refresh: Cannot read properties of undefined (reading 'refreshToken')[39m
2025-07-29 20:48:02:482 [31merror[39m: [31mTypeError: Cannot read properties of undefined (reading 'refreshToken')[39m
2025-07-29 21:19:24:1924 [31merror[39m: [31mAccount error during token_refresh: No refresh token provided[39m
2025-07-29 21:19:25:1925 [31merror[39m: [31mAccount error during token_refresh: No refresh token provided[39m
2025-07-29 21:19:28:1928 [31merror[39m: [31mAccount error during token_refresh: No refresh token provided[39m
2025-07-29 21:19:28:1928 [31merror[39m: [31mAccount error during token_refresh: No refresh token provided[39m
2025-07-29 21:19:32:1932 [31merror[39m: [31mAccount error during token_refresh: No refresh token provided[39m
2025-07-29 21:19:32:1932 [31merror[39m: [31mAccount error during token_refresh: No refresh token provided[39m
2025-07-29 21:19:36:1936 [31merror[39m: [31mAccount error during token_refresh: No refresh token provided[39m
2025-07-29 21:19:36:1936 [31merror[39m: [31mAccount error during token_refresh: No refresh token provided[39m
2025-07-29 23:15:13:1513 [31merror[39m: [31mAccount error during token_refresh: No refresh token provided[39m
2025-07-29 23:15:13:1513 [31merror[39m: [31mAccount error during token_refresh: No refresh token provided[39m
2025-07-29 23:15:18:1518 [31merror[39m: [31mAccount error during token_refresh: No refresh token provided[39m
2025-07-29 23:15:18:1518 [31merror[39m: [31mAccount error during token_refresh: No refresh token provided[39m
2025-07-29 23:15:48:1548 [31merror[39m: [31mAccount error during token_refresh: No refresh token provided[39m
2025-07-29 23:15:48:1548 [31merror[39m: [31mAccount error during token_refresh: No refresh token provided[39m
2025-07-30 01:16:47:1647 [31merror[39m: [31mAccount error during token_refresh: No refresh token provided[39m
2025-07-30 01:16:47:1647 [31merror[39m: [31mAccount error during token_refresh: No refresh token provided[39m
2025-07-30 01:16:51:1651 [31merror[39m: [31mAccount error during token_refresh: No refresh token provided[39m
2025-07-30 01:16:51:1651 [31merror[39m: [31mAccount error during token_refresh: No refresh token provided[39m
2025-07-30 01:32:38:3238 [31merror[39m: [31mAccount error during token_refresh: No refresh token provided[39m
2025-07-30 01:32:38:3238 [31merror[39m: [31mAccount error during token_refresh: No refresh token provided[39m
2025-07-30 09:52:14:5214 [31merror[39m: [31mToken verification failed[39m
2025-07-30 09:52:14:5214 [31merror[39m: [31mToken verification failed[39m
2025-07-30 09:52:18:5218 [31merror[39m: [31mPrisma Error: [39m
[31mInvalid `this.prisma.user.findUnique()` invocation in[39m
[31mC:\Users\DamirSagi\Documents\tokenizer\backend\src\modules\accounts\services\auth.service.ts:93:43[39m

[31m  90 async verifyRefreshToken(token: string): Promise<UserDTO> {[39m
[31m  91   try {[39m
[31m  92     const { userId } = verifyRefreshToken(token);[39m
[31m→ 93     const user = await this.prisma.user.findUnique([39m
[31mCan't reach database server at `localhost:5432`[39m

[31mPlease make sure your database server is running at `localhost:5432`.[39m
2025-07-30 09:52:18:5218 [31merror[39m: [31mPrisma Error: [39m
[31mInvalid `this.prisma.user.findUnique()` invocation in[39m
[31mC:\Users\DamirSagi\Documents\tokenizer\backend\src\modules\accounts\services\auth.service.ts:93:43[39m

[31m  90 async verifyRefreshToken(token: string): Promise<UserDTO> {[39m
[31m  91   try {[39m
[31m  92     const { userId } = verifyRefreshToken(token);[39m
[31m→ 93     const user = await this.prisma.user.findUnique([39m
[31mCan't reach database server at `localhost:5432`[39m

[31mPlease make sure your database server is running at `localhost:5432`.[39m
2025-07-30 09:52:18:5218 [31merror[39m: [31mAccount error during token_refresh: Invalid token[39m
2025-07-30 09:52:18:5218 [31merror[39m: [31mAccount error during token_refresh: Invalid token[39m
2025-07-30 09:52:31:5231 [31merror[39m: [31mPrisma Error: [39m
[31mInvalid `prisma.user.findFirst()` invocation in[39m
[31mC:\Users\DamirSagi\Documents\tokenizer\backend\src\modules\accounts\strategies\google.strategy.ts:63:40[39m

[31m  60 }[39m
[31m  61 [39m
[31m  62 // Find existing user by provider ID[39m
[31m→ 63 let user = await prisma.user.findFirst([39m
[31mCan't reach database server at `localhost:5432`[39m

[31mPlease make sure your database server is running at `localhost:5432`.[39m
2025-07-30 09:52:31:5231 [31merror[39m: [31mGoogle authentication error[39m
2025-07-30 09:52:31:5231 [31merror[39m: [31mPrismaClientInitializationError: [39m
[31mInvalid `prisma.user.findFirst()` invocation in[39m
[31mC:\Users\DamirSagi\Documents\tokenizer\backend\src\modules\accounts\strategies\google.strategy.ts:63:40[39m

[31m  60 }[39m
[31m  61 [39m
[31m  62 // Find existing user by provider ID[39m
[31m→ 63 let user = await prisma.user.findFirst([39m
[31mCan't reach database server at `localhost:5432`[39m

[31mPlease make sure your database server is running at `localhost:5432`.[39m
2025-07-30 09:52:58:5258 [31merror[39m: [31mPrisma Error: [39m
[31mInvalid `prisma.user.findFirst()` invocation in[39m
[31mC:\Users\DamirSagi\Documents\tokenizer\backend\src\modules\accounts\strategies\google.strategy.ts:63:40[39m

[31m  60 }[39m
[31m  61 [39m
[31m  62 // Find existing user by provider ID[39m
[31m→ 63 let user = await prisma.user.findFirst([39m
[31mCan't reach database server at `localhost:5432`[39m

[31mPlease make sure your database server is running at `localhost:5432`.[39m
2025-07-30 09:52:58:5258 [31merror[39m: [31mGoogle authentication error[39m
2025-07-30 09:52:58:5258 [31merror[39m: [31mPrismaClientInitializationError: [39m
[31mInvalid `prisma.user.findFirst()` invocation in[39m
[31mC:\Users\DamirSagi\Documents\tokenizer\backend\src\modules\accounts\strategies\google.strategy.ts:63:40[39m

[31m  60 }[39m
[31m  61 [39m
[31m  62 // Find existing user by provider ID[39m
[31m→ 63 let user = await prisma.user.findFirst([39m
[31mCan't reach database server at `localhost:5432`[39m

[31mPlease make sure your database server is running at `localhost:5432`.[39m
2025-07-30 11:22:18:2218 [31merror[39m: [31mToken verification failed[39m
2025-07-30 11:22:18:2218 [31merror[39m: [31mToken verification failed[39m
2025-07-30 12:25:05:255 [31merror[39m: [31mToken verification failed[39m
2025-07-30 12:25:05:255 [31merror[39m: [31mToken verification failed[39m
2025-08-01 11:05:31:531 [31merror[39m: [31mToken verification failed[39m
2025-08-01 11:05:31:531 [31merror[39m: [31mToken verification failed[39m
2025-08-01 19:23:27:2327 [31merror[39m: [31mToken verification failed[39m
2025-08-01 19:23:27:2327 [31merror[39m: [31mToken verification failed[39m
2025-08-01 19:23:32:2332 [31merror[39m: [31mPrisma Error: [39m
[31mInvalid `this.prisma.user.findUnique()` invocation in[39m
[31mC:\Users\DamirSagi\Documents\tokenizer\backend\src\modules\accounts\services\auth.service.ts:93:43[39m

[31m  90 async verifyRefreshToken(token: string): Promise<UserDTO> {[39m
[31m  91   try {[39m
[31m  92     const { userId } = verifyRefreshToken(token);[39m
[31m→ 93     const user = await this.prisma.user.findUnique([39m
[31mCan't reach database server at `localhost:5432`[39m

[31mPlease make sure your database server is running at `localhost:5432`.[39m
2025-08-01 19:23:32:2332 [31merror[39m: [31mPrisma Error: [39m
[31mInvalid `this.prisma.user.findUnique()` invocation in[39m
[31mC:\Users\DamirSagi\Documents\tokenizer\backend\src\modules\accounts\services\auth.service.ts:93:43[39m

[31m  90 async verifyRefreshToken(token: string): Promise<UserDTO> {[39m
[31m  91   try {[39m
[31m  92     const { userId } = verifyRefreshToken(token);[39m
[31m→ 93     const user = await this.prisma.user.findUnique([39m
[31mCan't reach database server at `localhost:5432`[39m

[31mPlease make sure your database server is running at `localhost:5432`.[39m
2025-08-01 19:23:32:2332 [31merror[39m: [31mAccount error during token_refresh: Invalid token[39m
2025-08-01 19:23:32:2332 [31merror[39m: [31mAccount error during token_refresh: Invalid token[39m
2025-08-01 19:23:46:2346 [31merror[39m: [31mPrisma Error: [39m
[31mInvalid `prisma.user.findFirst()` invocation in[39m
[31mC:\Users\DamirSagi\Documents\tokenizer\backend\src\modules\accounts\strategies\google.strategy.ts:63:40[39m

[31m  60 }[39m
[31m  61 [39m
[31m  62 // Find existing user by provider ID[39m
[31m→ 63 let user = await prisma.user.findFirst([39m
[31mCan't reach database server at `localhost:5432`[39m

[31mPlease make sure your database server is running at `localhost:5432`.[39m
2025-08-01 19:23:46:2346 [31merror[39m: [31mGoogle authentication error[39m
2025-08-01 19:23:46:2346 [31merror[39m: [31mPrismaClientInitializationError: [39m
[31mInvalid `prisma.user.findFirst()` invocation in[39m
[31mC:\Users\DamirSagi\Documents\tokenizer\backend\src\modules\accounts\strategies\google.strategy.ts:63:40[39m

[31m  60 }[39m
[31m  61 [39m
[31m  62 // Find existing user by provider ID[39m
[31m→ 63 let user = await prisma.user.findFirst([39m
[31mCan't reach database server at `localhost:5432`[39m

[31mPlease make sure your database server is running at `localhost:5432`.[39m
2025-08-01 22:05:05:55 [31merror[39m: [31mToken verification failed[39m
2025-08-01 22:05:05:55 [31merror[39m: [31mToken verification failed[39m
2025-08-01 23:11:19:1119 [31merror[39m: [31mToken verification failed[39m
2025-08-01 23:11:19:1119 [31merror[39m: [31mToken verification failed[39m
